[    0.000000] Linux version 4.15.0-189-generic (buildd@lcy02-amd64-039) (gcc version 7.5.0 (Ubuntu 7.5.0-3ubuntu1~18.04)) #200-Ubuntu SMP Wed Jun 22 19:53:37 UTC 2022 (Ubuntu 4.15.0-189.200-generic 4.15.18)
[    0.000000] Command line: BOOT_IMAGE=/boot/vmlinuz-4.15.0-189-generic root=LABEL=cloudimg-rootfs ro console=tty1 console=ttyS0
[    0.000000] KERNEL supported cpus:
[    0.000000]   Intel GenuineIntel
[    0.000000]   AMD AuthenticAMD
[    0.000000]   Centaur CentaurHauls
[    0.000000] x86/fpu: Supporting XSAVE feature 0x001: 'x87 floating point registers'
[    0.000000] x86/fpu: Supporting XSAVE feature 0x002: 'SSE registers'
[    0.000000] x86/fpu: Supporting XSAVE feature 0x004: 'AVX registers'
[    0.000000] x86/fpu: xstate_offset[2]:  576, xstate_sizes[2]:  256
[    0.000000] x86/fpu: Enabled xstate features 0x7, context size is 832 bytes, using 'standard' format.
[    0.000000] e820: BIOS-provided physical RAM map:
[    0.000000] BIOS-e820: [mem 0x0000000000000000-0x000000000009fbff] usable
[    0.000000] BIOS-e820: [mem 0x000000000009fc00-0x000000000009ffff] reserved
[    0.000000] BIOS-e820: [mem 0x00000000000f0000-0x00000000000fffff] reserved
[    0.000000] BIOS-e820: [mem 0x0000000000100000-0x000000003ffeffff] usable
[    0.000000] BIOS-e820: [mem 0x000000003fff0000-0x000000003fffffff] ACPI data
[    0.000000] BIOS-e820: [mem 0x00000000fec00000-0x00000000fec00fff] reserved
[    0.000000] BIOS-e820: [mem 0x00000000fee00000-0x00000000fee00fff] reserved
[    0.000000] BIOS-e820: [mem 0x00000000fffc0000-0x00000000ffffffff] reserved
[    0.000000] NX (Execute Disable) protection: active
[    0.000000] SMBIOS 2.5 present.
[    0.000000] DMI: innotek GmbH VirtualBox/VirtualBox, BIOS VirtualBox 12/01/2006
[    0.000000] Hypervisor detected: KVM
[    0.000000] e820: last_pfn = 0x3fff0 max_arch_pfn = 0x400000000
[    0.000000] MTRR: Disabled
[    0.000000] x86/PAT: MTRRs disabled, skipping PAT initialization too.
[    0.000000] CPU MTRRs all blank - virtualized system.
[    0.000000] x86/PAT: Configuration [0-7]: WB  WT  UC- UC  WB  WT  UC- UC  
[    0.000000] found SMP MP-table at [mem 0x0009fff0-0x0009ffff]
[    0.000000] Scanning 1 areas for low memory corruption
[    0.000000] RAMDISK: [mem 0x359c5000-0x36cd9fff]
[    0.000000] ACPI: Early table checksum verification disabled
[    0.000000] ACPI: RSDP 0x00000000000E0000 000024 (v02 VBOX  )
[    0.000000] ACPI: XSDT 0x000000003FFF0030 00003C (v01 VBOX   VBOXXSDT 00000001 ASL  00000061)
[    0.000000] ACPI: FACP 0x000000003FFF00F0 0000F4 (v04 VBOX   VBOXFACP 00000001 ASL  00000061)
[    0.000000] ACPI: DSDT 0x000000003FFF0470 002325 (v02 VBOX   VBOXBIOS 00000002 INTL 20100528)
[    0.000000] ACPI: FACS 0x000000003FFF0200 000040
[    0.000000] ACPI: FACS 0x000000003FFF0200 000040
[    0.000000] ACPI: APIC 0x000000003FFF0240 00005C (v02 VBOX   VBOXAPIC 00000001 ASL  00000061)
[    0.000000] ACPI: SSDT 0x000000003FFF02A0 0001CC (v01 VBOX   VBOXCPUT 00000002 INTL 20100528)
[    0.000000] ACPI: Reserving FACP table memory at [mem 0x3fff00f0-0x3fff01e3]
[    0.000000] ACPI: Reserving DSDT table memory at [mem 0x3fff0470-0x3fff2794]
[    0.000000] ACPI: Reserving FACS table memory at [mem 0x3fff0200-0x3fff023f]
[    0.000000] ACPI: Reserving FACS table memory at [mem 0x3fff0200-0x3fff023f]
[    0.000000] ACPI: Reserving APIC table memory at [mem 0x3fff0240-0x3fff029b]
[    0.000000] ACPI: Reserving SSDT table memory at [mem 0x3fff02a0-0x3fff046b]
[    0.000000] No NUMA configuration found
[    0.000000] Faking a node at [mem 0x0000000000000000-0x000000003ffeffff]
[    0.000000] NODE_DATA(0) allocated [mem 0x3ffc5000-0x3ffeffff]
[    0.000000] kvm-clock: cpu 0, msr 0:3ff44001, primary cpu clock
[    0.000000] kvm-clock: Using msrs 4b564d01 and 4b564d00
[    0.000000] kvm-clock: using sched offset of 3133006779 cycles
[    0.000000] clocksource: kvm-clock: mask: 0xffffffffffffffff max_cycles: 0x1cd42e4dffb, max_idle_ns: 881590591483 ns
[    0.000000] Zone ranges:
[    0.000000]   DMA      [mem 0x0000000000001000-0x0000000000ffffff]
[    0.000000]   DMA32    [mem 0x0000000001000000-0x000000003ffeffff]
[    0.000000]   Normal   empty
[    0.000000]   Device   empty
[    0.000000] Movable zone start for each node
[    0.000000] Early memory node ranges
[    0.000000]   node   0: [mem 0x0000000000001000-0x000000000009efff]
[    0.000000]   node   0: [mem 0x0000000000100000-0x000000003ffeffff]
[    0.000000] Reserved but unavailable: 104 pages
[    0.000000] Initmem setup node 0 [mem 0x0000000000001000-0x000000003ffeffff]
[    0.000000] ACPI: PM-Timer IO Port: 0x4008
[    0.000000] IOAPIC[0]: apic_id 2, version 32, address 0xfec00000, GSI 0-23
[    0.000000] ACPI: INT_SRC_OVR (bus 0 bus_irq 0 global_irq 2 dfl dfl)
[    0.000000] ACPI: INT_SRC_OVR (bus 0 bus_irq 9 global_irq 9 low level)
[    0.000000] Using ACPI (MADT) for SMP configuration information
[    0.000000] smpboot: Allowing 2 CPUs, 0 hotplug CPUs
[    0.000000] PM: Registered nosave memory: [mem 0x00000000-0x00000fff]
[    0.000000] PM: Registered nosave memory: [mem 0x0009f000-0x0009ffff]
[    0.000000] PM: Registered nosave memory: [mem 0x000a0000-0x000effff]
[    0.000000] PM: Registered nosave memory: [mem 0x000f0000-0x000fffff]
[    0.000000] e820: [mem 0x40000000-0xfebfffff] available for PCI devices
[    0.000000] Booting paravirtualized kernel on KVM
[    0.000000] clocksource: refined-jiffies: mask: 0xffffffff max_cycles: 0xffffffff, max_idle_ns: 7645519600211568 ns
[    0.000000] random: get_random_bytes called from start_kernel+0x99/0x500 with crng_init=0
[    0.000000] setup_percpu: NR_CPUS:8192 nr_cpumask_bits:2 nr_cpu_ids:2 nr_node_ids:1
[    0.000000] percpu: Embedded 50 pages/cpu s167936 r8192 d28672 u1048576
[    0.000000] PV qspinlock hash table entries: 256 (order: 0, 4096 bytes)
[    0.000000] Built 1 zonelists, mobility grouping on.  Total pages: 257913
[    0.000000] Policy zone: DMA32
[    0.000000] Kernel command line: BOOT_IMAGE=/boot/vmlinuz-4.15.0-189-generic root=LABEL=cloudimg-rootfs ro console=tty1 console=ttyS0
[    0.000000] Memory: 982636K/1048120K available (12300K kernel code, 2484K rwdata, 4324K rodata, 2468K init, 2724K bss, 65484K reserved, 0K cma-reserved)
[    0.000000] SLUB: HWalign=64, Order=0-3, MinObjects=0, CPUs=2, Nodes=1
[    0.000000] ftrace: allocating 39515 entries in 155 pages
[    0.004000] Hierarchical RCU implementation.
[    0.004000] 	RCU restricting CPUs from NR_CPUS=8192 to nr_cpu_ids=2.
[    0.004000] 	Tasks RCU enabled.
[    0.004000] RCU: Adjusting geometry for rcu_fanout_leaf=16, nr_cpu_ids=2
[    0.004000] NR_IRQS: 524544, nr_irqs: 440, preallocated irqs: 16
[    0.004000] Console: colour VGA+ 80x25
[    0.004000] console [tty1] enabled
[    0.004000] console [ttyS0] enabled
[    0.004000] ACPI: Core revision 20170831
[    0.004000] ACPI: 2 ACPI AML tables successfully acquired and loaded
[    0.004000] APIC: Switch to symmetric I/O mode setup
[    0.004000] x2apic enabled
[    0.004000] Switched APIC routing to physical x2apic.
[    0.004000] ..TIMER: vector=0x30 apic1=0 pin1=2 apic2=-1 pin2=-1
[    0.004000] tsc: Detected 3302.400 MHz processor
[    0.004000] Calibrating delay loop (skipped) preset value.. 6604.80 BogoMIPS (lpj=13209600)
[    0.004003] pid_max: default: 32768 minimum: 301
[    0.004544] Security Framework initialized
[    0.005017] Yama: becoming mindful.
[    0.005440] AppArmor: AppArmor initialized
[    0.006266] Dentry cache hash table entries: 131072 (order: 8, 1048576 bytes)
[    0.007079] Inode-cache hash table entries: 65536 (order: 7, 524288 bytes)
[    0.008010] Mount-cache hash table entries: 2048 (order: 2, 16384 bytes)
[    0.008743] Mountpoint-cache hash table entries: 2048 (order: 2, 16384 bytes)
[    0.009708] Last level iTLB entries: 4KB 0, 2MB 0, 4MB 0
[    0.010300] Last level dTLB entries: 4KB 0, 2MB 0, 4MB 0, 1GB 0
[    0.010956] Spectre V1 : Mitigation: usercopy/swapgs barriers and __user pointer sanitization
[    0.012001] Spectre V2 : Mitigation: Retpolines
[    0.012522] Spectre V2 : Spectre v2 / SpectreRSB mitigation: Filling RSB on context switch
[    0.013455] Speculative Store Bypass: Vulnerable
[    0.014107] Freeing SMP alternatives memory: 36K
[    0.124995] smpboot: CPU0: 12th Gen Intel(R) Core(TM) i3-12100F (family: 0x6, model: 0x97, stepping: 0x5)
[    0.126129] Performance Events: unsupported p6 CPU model 151 no PMU driver, software events only.
[    0.127129] Hierarchical SRCU implementation.
[    0.127826] NMI watchdog: Perf event create on CPU 0 failed with -2
[    0.128000] NMI watchdog: Perf NMI watchdog permanently disabled
[    0.128030] smp: Bringing up secondary CPUs ...
[    0.128602] x86: Booting SMP configuration:
[    0.129090] .... node  #0, CPUs:      #1
[    0.004000] kvm-clock: cpu 1, msr 0:3ff44041, secondary cpu clock
[    0.132014] smp: Brought up 1 node, 2 CPUs
[    0.132498] smpboot: Max logical packages: 1
[    0.132998] smpboot: Total of 2 processors activated (13209.60 BogoMIPS)
[    0.133806] devtmpfs: initialized
[    0.133806] x86/mm: Memory block size: 128MB
[    0.133806] evm: security.selinux
[    0.133806] evm: security.SMACK64
[    0.133806] evm: security.SMACK64EXEC
[    0.136003] evm: security.SMACK64TRANSMUTE
[    0.136475] evm: security.SMACK64MMAP
[    0.136918] evm: security.apparmor
[    0.137329] evm: security.ima
[    0.137693] evm: security.capability
[    0.138142] clocksource: jiffies: mask: 0xffffffff max_cycles: 0xffffffff, max_idle_ns: 7645041785100000 ns
[    0.138142] futex hash table entries: 512 (order: 3, 32768 bytes)
[    0.140031] pinctrl core: initialized pinctrl subsystem
[    0.140944] RTC time: 16:28:42, date: 07/17/22
[    0.141538] NET: Registered protocol family 16
[    0.142126] audit: initializing netlink subsys (disabled)
[    0.142747] audit: type=2000 audit(1658075326.676:1): state=initialized audit_enabled=0 res=1
[    0.144008] cpuidle: using governor ladder
[    0.144487] cpuidle: using governor menu
[    0.144974] ACPI: bus type PCI registered
[    0.145440] acpiphp: ACPI Hot Plug PCI Controller Driver version: 0.5
[    0.146199] PCI: Using configuration type 1 for base access
[    0.148101] HugeTLB registered 2.00 MiB page size, pre-allocated 0 pages
[    0.148928] ACPI: Added _OSI(Module Device)
[    0.148928] ACPI: Added _OSI(Processor Device)
[    0.149299] ACPI: Added _OSI(3.0 _SCP Extensions)
[    0.149844] ACPI: Added _OSI(Processor Aggregator Device)
[    0.150450] ACPI: Added _OSI(Linux-Dell-Video)
[    0.152002] ACPI: Added _OSI(Linux-Lenovo-NV-HDMI-Audio)
[    0.152600] ACPI: Added _OSI(Linux-HPI-Hybrid-Graphics)
[    0.153375] ACPI: Executed 1 blocks of module-level executable AML code
[    0.156010] ACPI: Interpreter enabled
[    0.156447] ACPI: (supports S0 S5)
[    0.156859] ACPI: Using IOAPIC for interrupt routing
[    0.157537] PCI: Using host bridge windows from ACPI; if necessary, use "pci=nocrs" and report a bug
[    0.158651] ACPI: Enabled 2 GPEs in block 00 to 07
[    0.162151] ACPI: PCI Root Bridge [PCI0] (domain 0000 [bus 00-ff])
[    0.162837] acpi PNP0A03:00: _OSC: OS supports [ASPM ClockPM Segments MSI]
[    0.163833] acpi PNP0A03:00: _OSC: not requesting OS control; OS requires [ExtendedConfig ASPM ClockPM MSI]
[    0.164006] acpi PNP0A03:00: fail to add MMCONFIG information, can't access extended PCI configuration space under this bridge.
[    0.165463] PCI host bridge to bus 0000:00
[    0.165954] pci_bus 0000:00: root bus resource [io  0x0000-0x0cf7 window]
[    0.166692] pci_bus 0000:00: root bus resource [io  0x0d00-0xffff window]
[    0.168002] pci_bus 0000:00: root bus resource [mem 0x000a0000-0x000bffff window]
[    0.168844] pci_bus 0000:00: root bus resource [mem 0x40000000-0xfdffffff window]
[    0.169682] pci_bus 0000:00: root bus resource [bus 00-ff]
[    0.172153] pci 0000:00:01.1: legacy IDE quirk: reg 0x10: [io  0x01f0-0x01f7]
[    0.172935] pci 0000:00:01.1: legacy IDE quirk: reg 0x14: [io  0x03f6]
[    0.173651] pci 0000:00:01.1: legacy IDE quirk: reg 0x18: [io  0x0170-0x0177]
[    0.174424] pci 0000:00:01.1: legacy IDE quirk: reg 0x1c: [io  0x0376]
[    0.182120] pci 0000:00:07.0: quirk: [io  0x4000-0x403f] claimed by PIIX4 ACPI
[    0.183106] pci 0000:00:07.0: quirk: [io  0x4100-0x410f] claimed by PIIX4 SMB
[    0.186439] ACPI: PCI Interrupt Link [LNKA] (IRQs 5 9 10 *11)
[    0.187239] ACPI: PCI Interrupt Link [LNKB] (IRQs 5 9 *10 11)
[    0.188009] ACPI: PCI Interrupt Link [LNKC] (IRQs 5 *9 10 11)
[    0.188714] ACPI: PCI Interrupt Link [LNKD] (IRQs 5 9 10 *11)
[    0.189524] SCSI subsystem initialized
[    0.189993] pci 0000:00:02.0: vgaarb: setting as boot VGA device
[    0.189993] pci 0000:00:02.0: vgaarb: VGA device added: decodes=io+mem,owns=io+mem,locks=none
[    0.189993] pci 0000:00:02.0: vgaarb: bridge control possible
[    0.192005] vgaarb: loaded
[    0.192352] ACPI: bus type USB registered
[    0.192829] usbcore: registered new interface driver usbfs
[    0.193446] usbcore: registered new interface driver hub
[    0.194046] usbcore: registered new device driver usb
[    0.194640] EDAC MC: Ver: 3.0.0
[    0.194640] PCI: Using ACPI for IRQ routing
[    0.196165] NetLabel: Initializing
[    0.196582] NetLabel:  domain hash size = 128
[    0.197108] NetLabel:  protocols = UNLABELED CIPSOv4 CALIPSO
[    0.197756] NetLabel:  unlabeled traffic allowed by default
[    0.198402] clocksource: Switched to clocksource kvm-clock
[    0.202577] VFS: Disk quotas dquot_6.6.0
[    0.203060] VFS: Dquot-cache hash table entries: 512 (order 0, 4096 bytes)
[    0.203863] AppArmor: AppArmor Filesystem Enabled
[    0.204452] pnp: PnP ACPI init
[    0.205381] pnp: PnP ACPI: found 3 devices
[    0.211929] clocksource: acpi_pm: mask: 0xffffff max_cycles: 0xffffff, max_idle_ns: 2085701024 ns
[    0.212980] NET: Registered protocol family 2
[    0.213526] IP idents hash table entries: 16384 (order: 5, 131072 bytes)
[    0.214690] TCP established hash table entries: 8192 (order: 4, 65536 bytes)
[    0.215483] TCP bind hash table entries: 8192 (order: 5, 131072 bytes)
[    0.216205] TCP: Hash tables configured (established 8192 bind 8192)
[    0.216939] UDP hash table entries: 512 (order: 2, 16384 bytes)
[    0.217595] UDP-Lite hash table entries: 512 (order: 2, 16384 bytes)
[    0.218310] NET: Registered protocol family 1
[    0.218817] pci 0000:00:00.0: Limiting direct PCI/PCI transfers
[    0.219487] pci 0000:00:01.0: Activating ISA DMA hang workarounds
[    0.220212] pci 0000:00:02.0: Video device with shadowed ROM at [mem 0x000c0000-0x000dffff]
[    0.221197] Unpacking initramfs...
[    0.423221] Freeing initrd memory: 19540K
[    0.423749] clocksource: tsc: mask: 0xffffffffffffffff max_cycles: 0x2f9a2767029, max_idle_ns: 440795219692 ns
[    0.424905] platform rtc_cmos: registered platform RTC device (no PNP device found)
[    0.425781] Scanning for low memory corruption every 60 seconds
[    0.426810] Initialise system trusted keyrings
[    0.427335] Key type blacklist registered
[    0.427837] workingset: timestamp_bits=36 max_order=18 bucket_order=0
[    0.428998] zbud: loaded
[    0.429591] squashfs: version 4.0 (2009/01/31) Phillip Lougher
[    0.430353] fuse init (API version 7.26)
[    0.431856] Key type asymmetric registered
[    0.432372] Asymmetric key parser 'x509' registered
[    0.432948] Block layer SCSI generic (bsg) driver version 0.4 loaded (major 246)
[    0.433793] io scheduler noop registered
[    0.434256] io scheduler deadline registered
[    0.434757] io scheduler cfq registered (default)
[    0.435483] ACPI: AC Adapter [AC] (on-line)
[    0.435998] input: Power Button as /devices/LNXSYSTM:00/LNXPWRBN:00/input/input0
[    0.436878] ACPI: Power Button [PWRF]
[    0.437342] input: Sleep Button as /devices/LNXSYSTM:00/LNXSLPBN:00/input/input1
[    0.438176] ACPI: Sleep Button [SLPF]
[    0.438775] Serial: 8250/16550 driver, 32 ports, IRQ sharing enabled
[    0.459905] 00:02: ttyS0 at I/O 0x3f8 (irq = 4, base_baud = 115200) is a 16550A
[    0.461864] Linux agpgart interface v0.103
[    0.463074] loop: module loaded
[    0.463784] scsi host0: ata_piix
[    0.464267] scsi host1: ata_piix
[    0.464693] ata1: PATA max UDMA/33 cmd 0x1f0 ctl 0x3f6 bmdma 0xd000 irq 14
[    0.465455] ata2: PATA max UDMA/33 cmd 0x170 ctl 0x376 bmdma 0xd008 irq 15
[    0.466254] tun: Universal TUN/TAP device driver, 1.6
[    0.466875] PPP generic driver version 2.4.2
[    0.467398] ehci_hcd: USB 2.0 'Enhanced' Host Controller (EHCI) Driver
[    0.468190] ehci-pci: EHCI PCI platform driver
[    0.468715] ehci-platform: EHCI generic platform driver
[    0.469305] ohci_hcd: USB 1.1 'Open' Host Controller (OHCI) Driver
[    0.469988] ohci-pci: OHCI PCI platform driver
[    0.470500] ohci-platform: OHCI generic platform driver
[    0.471090] uhci_hcd: USB Universal Host Controller Interface driver
[    0.471807] i8042: PNP: PS/2 Controller [PNP0303:PS2K,PNP0f03:PS2M] at 0x60,0x64 irq 1,12
[    0.473080] serio: i8042 KBD port at 0x60,0x64 irq 1
[    0.473653] serio: i8042 AUX port at 0x60,0x64 irq 12
[    0.474284] mousedev: PS/2 mouse device common for all mice
[    0.475283] input: AT Translated Set 2 keyboard as /devices/platform/i8042/serio0/input/input2
[    0.476253] rtc_cmos rtc_cmos: rtc core: registered rtc_cmos as rtc0
[    0.477100] rtc_cmos rtc_cmos: alarms up to one day, 114 bytes nvram
[    0.477806] i2c /dev entries driver
[    0.478245] device-mapper: uevent: version 1.0.3
[    0.478818] device-mapper: ioctl: 4.37.0-ioctl (2017-09-20) initialised: dm-devel@redhat.com
[    0.479775] ledtrig-cpu: registered to indicate activity on CPUs
[    0.480690] NET: Registered protocol family 10
[    0.482835] Segment Routing with IPv6
[    0.483283] NET: Registered protocol family 17
[    0.483825] Key type dns_resolver registered
[    0.484431] mce: Using 0 MCE banks
[    0.484846] RAS: Correctable Errors collector initialized.
[    0.485477] sched_clock: Marking stable (484419836, 0)->(587427235, -103007399)
[    0.486507] registered taskstats version 1
[    0.486990] Loading compiled-in X.509 certificates
[    0.488646] Loaded X.509 cert 'Build time autogenerated kernel key: 9c4811ffd453f4b0c13447eb15d717d926dfaff5'
[    0.490023] Loaded X.509 cert 'Canonical Ltd. Live Patch Signing: 14df34d1a87cf37625abec039ef2bf521249b969'
[    0.491396] Loaded X.509 cert 'Canonical Ltd. Kernel Module Signing: 88f752e560a1e0737e31163a466ad7b70a850c19'
[    0.492517] blacklist: Loading compiled-in revocation X.509 certificates
[    0.493264] Loaded X.509 cert 'Canonical Ltd. Secure Boot Signing: 61482aa2830d0ab2ad5af10b7250da9033ddcef0'
[    0.494367] zswap: loaded using pool lzo/zbud
[    0.496364] Key type big_key registered
[    0.496841] Key type trusted registered
[    0.497981] Key type encrypted registered
[    0.498462] AppArmor: AppArmor sha1 policy hashing enabled
[    0.499078] ima: No TPM chip found, activating TPM-bypass! (rc=-19)
[    0.499770] ima: Allocated hash algorithm: sha1
[    0.500327] evm: HMAC attrs: 0x1
[    0.500837]   Magic number: 14:905:489
[    0.501349] rtc_cmos rtc_cmos: setting system clock to 2022-07-17 16:28:42 UTC (1658075322)
[    0.502327] BIOS EDD facility v0.16 2004-Jun-25, 0 devices found
[    0.502991] EDD information not available.
[    0.648489] Freeing unused kernel image memory: 2468K
[    0.664028] Write protecting the kernel read-only data: 20480k
[    0.665049] Freeing unused kernel image memory: 2008K
[    0.665916] Freeing unused kernel image memory: 1820K
[    0.669783] x86/mm: Checked W+X mappings: passed, no W+X pages found.
Loading, please wait...
starting version 237
[    0.695610] e1000: Intel(R) PRO/1000 Network Driver - version 7.3.21-k8-NAPI
[    0.696536] e1000: Copyright (c) 1999-2006 Intel Corporation.
[    0.700865] Fusion MPT base driver 3.04.20
[    0.701368] Copyright (c) 1999-2008 LSI Corporation
[    0.704222] Fusion MPT SPI Host driver 3.04.20
[    0.710616] AVX2 version of gcm_enc/dec engaged.
[    0.711173] AES CTR mode by8 optimization enabled
[    0.909968] input: ImExPS/2 Generic Explorer Mouse as /devices/platform/i8042/serio1/input/input4
[    1.146997] e1000 0000:00:03.0 eth0: (PCI:33MHz:32-bit) 02:70:df:2f:2a:c8
[    1.148438] e1000 0000:00:03.0 eth0: Intel(R) PRO/1000 Network Connection
[    1.151193] e1000 0000:00:03.0 enp0s3: renamed from eth0
[    1.151864] mptbase: ioc0: Initiating bringup
[    1.465155] ioc0: LSI53C1030 A0: Capabilities={Initiator}
[    4.134301] scsi host2: ioc0: LSI53C1030 A0, FwRev=00000000h, Ports=1, MaxQ=256, IRQ=20
[    6.429944] scsi 2:0:0:0: Direct-Access     VBOX     HARDDISK         1.0  PQ: 0 ANSI: 5
[    6.456871] scsi target2:0:0: Beginning Domain Validation
[    6.461458] scsi target2:0:0: Domain Validation skipping write tests
[    6.462657] scsi target2:0:0: Ending Domain Validation
[    6.463738] scsi target2:0:0: asynchronous
[    6.464842] scsi 2:0:1:0: Direct-Access     VBOX     HARDDISK         1.0  PQ: 0 ANSI: 5
[    6.496752] scsi target2:0:1: Beginning Domain Validation
[    6.498277] random: fast init done
[    6.498280] scsi target2:0:1: Domain Validation skipping write tests
[    6.500188] scsi target2:0:1: Ending Domain Validation
[    6.500905] scsi target2:0:1: asynchronous
[    6.504032] random: systemd-udevd: uninitialized urandom read (16 bytes read)
[    6.504860] random: systemd-udevd: uninitialized urandom read (16 bytes read)
[    6.505649] random: systemd-udevd: uninitialized urandom read (16 bytes read)
[    6.506999] sd 2:0:0:0: Attached scsi generic sg0 type 0
[    6.508415] sd 2:0:0:0: [sda] 83886080 512-byte logical blocks: (42.9 GB/40.0 GiB)
[    6.509311] sd 2:0:0:0: [sda] Write Protect is off
[    6.509935] sd 2:0:0:0: [sda] Incomplete mode parameter data
[    6.510935] sd 2:0:0:0: [sda] Assuming drive cache: write through
[    6.511889] sd 2:0:1:0: [sdb] 20480 512-byte logical blocks: (10.5 MB/10.0 MiB)
[    6.512779] sd 2:0:1:0: [sdb] Write Protect is off
[    6.513373] sd 2:0:1:0: Attached scsi generic sg1 type 0
[    6.514002] sd 2:0:1:0: [sdb] Incomplete mode parameter data
[    6.514651] sd 2:0:1:0: [sdb] Assuming drive cache: write through
[    6.515921]  sda: sda1
[    6.516924] sd 2:0:0:0: [sda] Attached SCSI disk
[    6.517542] sd 2:0:1:0: [sdb] Attached SCSI disk
Begin: Loading essential drivers ... [    7.836060] raid6: sse2x1   gen() 21103 MB/s
[    7.884041] raid6: sse2x1   xor() 13242 MB/s
[    7.932052] raid6: sse2x2   gen() 25806 MB/s
[    7.980100] raid6: sse2x2   xor() 15264 MB/s
[    8.028056] raid6: sse2x4   gen() 27845 MB/s
[    8.076122] raid6: sse2x4   xor() 12599 MB/s
[    8.124059] raid6: avx2x1   gen() 41202 MB/s
[    8.172103] raid6: avx2x1   xor() 25529 MB/s
[    8.220015] raid6: avx2x2   gen() 41153 MB/s
[    8.268111] raid6: avx2x2   xor() 29034 MB/s
[    8.316054] raid6: avx2x4   gen() 42331 MB/s
[    8.364102] raid6: avx2x4   xor() 14337 MB/s
[    8.364630] raid6: using algorithm avx2x4 gen() 42331 MB/s
[    8.365255] raid6: .... xor() 14337 MB/s, rmw enabled
[    8.365829] raid6: using avx2x2 recovery algorithm
[    8.367189] xor: automatically using best checksumming function   avx       
[    8.368748] async_tx: api initialized (async)
done.
Begin: Running /scripts/init-premount ... done.
Begin: Mounting root file system ... Begin: Running /scripts/local-top ... done.
Begin: Running /scripts/local-premount ... [    8.394112] Btrfs loaded, crc32c=crc32c-intel
Scanning for Btrfs filesystems
done.
Warning: fsck not present, so skipping root file system
[    8.411054] EXT4-fs (sda1): mounted filesystem with ordered data mode. Opts: (null)
done.
Begin: Running /scripts/local-bottom ... done.
Begin: Running /scripts/init-bottom ... done.
[    8.558891] ip_tables: (C) 2000-2006 Netfilter Core Team
[    8.565652] systemd[1]: systemd 237 running in system mode. (+PAM +AUDIT +SELINUX +IMA +APPARMOR +SMACK +SYSVINIT +UTMP +LIBCRYPTSETUP +GCRYPT +GNUTLS +ACL +XZ +LZ4 +SECCOMP +BLKID +ELFUTILS +KMOD -IDN2 +IDN -PCRE2 default-hierarchy=hybrid)
[    8.568340] systemd[1]: Detected virtualization oracle.
[    8.568966] systemd[1]: Detected architecture x86-64.

Welcome to [1mUbuntu 18.04.6 LTS[0m!

[    8.572557] systemd[1]: Set hostname to <ubuntu>.
[    8.576393] systemd[1]: Initializing machine ID from random generator.
[    8.577155] systemd[1]: Installed transient /etc/machine-id file.
[    8.752632] systemd[1]: Reached target User and Group Name Lookups.
[[0;32m  OK  [0m] Reached target User and Group Name Lookups.
[    8.754690] systemd[1]: Created slice User and Session Slice.
[[0;32m  OK  [0m] Created slice User and Session Slice.
[    8.755859] systemd[1]: Started Forward Password Requests to Wall Directory Watch.
[[0;32m  OK  [0m] Started Forward Password Requests to Wall Directory Watch.
[    8.758583] systemd[1]: Set up automount Arbitrary Executable File Formats File System Automount Point.
[[0;32m  OK  [0m] Set up automount Arbitrary Executab…rmats File System Automount Point.
[[0;32m  OK  [0m] Reached target System Time Synchronized.
[[0;32m  OK  [0m] Created slice System Slice.
[[0;32m  OK  [0m] Listening on /dev/initctl Compatibility Named Pipe.
[[0;32m  OK  [0m] Listening on udev Control Socket.
[[0;32m  OK  [0m] Listening on LVM2 metadata daemon socket.
[[0;32m  OK  [0m] Listening on Syslog Socket.
[[0;32m  OK  [0m] Created slice system-serial\x2dgetty.slice.
[[0;32m  OK  [0m] Listening on Device-mapper event daemon FIFOs.
[[0;32m  OK  [0m] Listening on Journal Socket.
         Starting Load Kernel Modules...
         Starting Uncomplicated firewall...
         Mounting Huge Pages File System...
         Starting Monitoring of LVM2 mirrors…ng dmeventd or progress polling...
[[0;32m  OK  [0m] Listening on LVM2 poll daemon socket.
[[0;32m  OK  [0m] Listening on Network Service Netlink Socket.
         Starting Create list of required st…ce nodes for the current kernel...
         Mounting POSIX Message Queue File System...
[[0;32m  OK  [0m] Listening on Journal Socket (/dev/log).
         Starting Set the console keyboard layout...
[[0;32m  OK  [0m] Listening on udev Kernel Socket.
         Starting udev Coldplug all Devices...
[[0;32m  OK  [0m] Listening on Journal Audit Socket.
         Starting Journal Service...
         Mounting Kernel Debug File System...
[[0;32m  OK  [0m] Reached target Swap.
[[0;32m  OK  [0m] Listening on fsck to fsckd communication Socket.
         Starting File System Check on Root Device...
[[0;32m  OK  [0m] Reached target Slices.
[    8.787541] Loading iSCSI transport class v2.0-870.
[    8.791446] iscsi: registered transport (tcp)
[    8.803112] iscsi: registered transport (iser)
[[0;32m  OK  [0m] Started Load Kernel Modules.
         Mounting FUSE Control File System...
         Starting Apply Kernel Variables...
         Mounting Kernel Configuration File System...
[[0;32m  OK  [0m] Started Uncomplicated firewall.
[[0;32m  OK  [0m] Started LVM2 metadata daemon.
[[0;32m  OK  [0m] Started Create list of required sta…vice nodes for the current kernel.
         Starting Create Static Device Nodes in /dev...
[[0;32m  OK  [0m] Started Journal Service.
[[0;32m  OK  [0m] Started File System Check Daemon to report status.
[[0;32m  OK  [0m] Started udev Coldplug all Devices.
[[0;32m  OK  [0m] Mounted Kernel Debug File System.
[[0;32m  OK  [0m] Mounted FUSE Control File System.
[[0;32m  OK  [0m] Mounted Huge Pages File System.
[[0;32m  OK  [0m] Mounted POSIX Message Queue File System.
[[0;32m  OK  [0m] Mounted Kernel Configuration File System.
[[0;32m  OK  [0m] Started Create Static Device Nodes in /dev.
[[0;32m  OK  [0m] Started Apply Kernel Variables.
[[0;32m  OK  [0m] Started Monitoring of LVM2 mirrors,…sing dmeventd or progress polling.
[[0;32m  OK  [0m] Started File System Check on Root Device.
         Starting Remount Root and Kernel File Systems...
[[0;32m  OK  [0m] Started Remount Root and Kernel File Systems.
         Starting Flush Journal to Persistent Storage...
         Starting Load/Save Random Seed...
         Starting udev Kernel Device Manager...
[[0;32m  OK  [0m] Started Load/Save Random Seed.
[[0;32m  OK  [0m] Started udev Kernel Device Manager.
[[0;32m  OK  [0m] Started Flush Journal to Persistent Storage.
[[0;32m  OK  [0m] Found device /dev/ttyS0.
[[0;32m  OK  [0m] Listening on Load/Save RF Kill Switch Status /dev/rfkill Watch.
[[0;32m  OK  [0m] Started Set the console keyboard layout.
[[0;32m  OK  [0m] Started Dispatch Password Requests to Console Directory Watch.
[[0;32m  OK  [0m] Reached target Local Encrypted Volumes.
[[0;32m  OK  [0m] Reached target Local File Systems (Pre).
[[0;32m  OK  [0m] Reached target Local File Systems.
         Starting Tell Plymouth To Write Out Runtime Data...
         Starting Set console font and keymap...
         Starting ebtables ruleset management...
         Starting Commit a transient machine-id on disk...
         Starting Create Volatile Files and Directories...
         Starting AppArmor initialization...
[[0;32m  OK  [0m] Started Tell Plymouth To Write Out Runtime Data.
[[0;32m  OK  [0m] Started Create Volatile Files and Directories.
         Starting Update UTMP about System Boot/Shutdown...
[[0;32m  OK  [0m] Started Update UTMP about System Boot/Shutdown.
[[0;32m  OK  [0m] Started Commit a transient machine-id on disk.
[[0;32m  OK  [0m] Started ebtables ruleset management.
[[0;32m  OK  [0m] Started AppArmor initialization.
         Starting Load AppArmor profiles managed internally by snapd...
         Starting Initial cloud-init job (pre-networking)...
[[0;32m  OK  [0m] Started Load AppArmor profiles managed internally by snapd.
[[0;32m  OK  [0m] Started Set console font and keymap.
[   10.952344] cloud-init[720]: Cloud-init v. 22.2-0ubuntu1~18.04.3 running 'init-local' at Sun, 17 Jul 2022 16:28:52 +0000. Up 10.75 seconds.
[[0;32m  OK  [0m] Started Initial cloud-init job (pre-networking).
[[0;32m  OK  [0m] Reached target Network (Pre).
         Starting Network Service...
[[0;32m  OK  [0m] Started Network Service.
         Starting Network Name Resolution...
         Starting Wait for Network to be Configured...
[[0;32m  OK  [0m] Started Network Name Resolution.
[[0;32m  OK  [0m] Reached target Network.
[[0;32m  OK  [0m] Reached target Host and Network Name Lookups.
[[0;32m  OK  [0m] Started Wait for Network to be Configured.
         Starting Initial cloud-init job (metadata service crawler)...
[   12.831906] cloud-init[1031]: Cloud-init v. 22.2-0ubuntu1~18.04.3 running 'init' at Sun, 17 Jul 2022 16:28:54 +0000. Up 12.75 seconds.
[   12.832877] cloud-init[1031]: ci-info: ++++++++++++++++++++++++++++++++++++++Net device info++++++++++++++++++++++++++++++++++++++
[   12.833780] cloud-init[1031]: ci-info: +--------+------+----------------------------+---------------+--------+-------------------+
[   12.834675] cloud-init[1031]: ci-info: | Device |  Up  |          Address           |      Mask     | Scope  |     Hw-Address    |
[   12.835596] cloud-init[1031]: ci-info: +--------+------+----------------------------+---------------+--------+-------------------+
[   12.836574] cloud-init[1031]: ci-info: | enp0s3 | True |         10.0.2.15          | 255.255.255.0 | global | 02:70:df:2f:2a:c8 |
[   12.837498] cloud-init[1031]: ci-info: | enp0s3 | True | fe80::70:dfff:fe2f:2ac8/64 |       .       |  link  | 02:70:df:2f:2a:c8 |
[   12.838428] cloud-init[1031]: ci-info: |   lo   | True |         127.0.0.1          |   255.0.0.0   |  host  |         .         |
[   12.839316] cloud-init[1031]: ci-info: |   lo   | True |          ::1/128           |       .       |  host  |         .         |
[   12.840197] cloud-init[1031]: ci-info: +--------+------+----------------------------+---------------+--------+-------------------+
[   12.841144] cloud-init[1031]: ci-info: ++++++++++++++++++++++++++++Route IPv4 info+++++++++++++++++++++++++++++
[   12.854763] cloud-init[1031]: ci-info: +-------+-------------+----------+-----------------+-----------+-------+
[   12.855644] cloud-init[1031]: ci-info: | Route | Destination | Gateway  |     Genmask     | Interface | Flags |
[   12.856557] cloud-init[1031]: ci-info: +-------+-------------+----------+-----------------+-----------+-------+
[   12.857287] cloud-init[1031]: ci-info: |   0   |   0.0.0.0   | 10.0.2.2 |     0.0.0.0     |   enp0s3  |   UG  |
[   12.858108] cloud-init[1031]: ci-info: |   1   |   10.0.2.0  | 0.0.0.0  |  255.255.255.0  |   enp0s3  |   U   |
[   12.858890] cloud-init[1031]: ci-info: |   2   |   10.0.2.2  | 0.0.0.0  | 255.255.255.255 |   enp0s3  |   UH  |
[   12.859662] cloud-init[1031]: ci-info: +-------+-------------+----------+-----------------+-----------+-------+
[   12.860441] cloud-init[1031]: ci-info: +++++++++++++++++++Route IPv6 info+++++++++++++++++++
[   12.861076] cloud-init[1031]: ci-info: +-------+-------------+---------+-----------+-------+
[   12.861700] cloud-init[1031]: ci-info: | Route | Destination | Gateway | Interface | Flags |
[   12.862317] cloud-init[1031]: ci-info: +-------+-------------+---------+-----------+-------+
[   12.863007] cloud-init[1031]: ci-info: |   1   |  fe80::/64  |    ::   |   enp0s3  |   U   |
[   12.863654] cloud-init[1031]: ci-info: |   3   |    local    |    ::   |   enp0s3  |   U   |
[   12.864320] cloud-init[1031]: ci-info: |   4   |   ff00::/8  |    ::   |   enp0s3  |   U   |
[   12.864988] cloud-init[1031]: ci-info: +-------+-------------+---------+-----------+-------+
[   13.626097] cloud-init[1031]: Generating public/private rsa key pair.
[   13.626666] cloud-init[1031]: Your identification has been saved in /etc/ssh/ssh_host_rsa_key.
[   13.627321] cloud-init[1031]: Your public key has been saved in /etc/ssh/ssh_host_rsa_key.pub.
[   13.628020] cloud-init[1031]: The key fingerprint is:
[   13.628473] cloud-init[1031]: SHA256:WJTS9tbnI/FtkBP50MrIxY3CE6UOkBlLd8IFoRK2veA root@ubuntu-bionic
[   13.629197] cloud-init[1031]: The key's randomart image is:
[   13.629648] cloud-init[1031]: +---[RSA 2048]----+
[   13.630035] cloud-init[1031]: |      o.=*==++.= |
[   13.630412] cloud-init[1031]: |     ..**=.o+.B o|
[   13.630769] cloud-init[1031]: |      +o=..o.* * |
[   13.631150] cloud-init[1031]: |     . = .oo= B .|
[   13.631529] cloud-init[1031]: |      E S.  .= + |
[   13.631903] cloud-init[1031]: |            . + o|
[   13.632329] cloud-init[1031]: |             . o |
[   13.632732] cloud-init[1031]: |                 |
[   13.633125] cloud-init[1031]: |                 |
[   13.633520] cloud-init[1031]: +----[SHA256]-----+
[   13.633948] cloud-init[1031]: Generating public/private dsa key pair.
[   13.634465] cloud-init[1031]: Your identification has been saved in /etc/ssh/ssh_host_dsa_key.
[   13.635161] cloud-init[1031]: Your public key has been saved in /etc/ssh/ssh_host_dsa_key.pub.
[   13.635901] cloud-init[1031]: The key fingerprint is:
[   13.636348] cloud-init[1031]: SHA256:DR5QPEjcNdFH8weT2Z/gsliO9hv5IEcxcGWY0Zqa1yY root@ubuntu-bionic
[   13.637066] cloud-init[1031]: The key's randomart image is:
[   13.637506] cloud-init[1031]: +---[DSA 1024]----+
[   13.637890] cloud-init[1031]: |     oo=.o+=*+=+ |
[   13.638266] cloud-init[1031]: |      o.+ o+oo+=.|
[   13.638658] cloud-init[1031]: |        o. o+.. =|
[   13.639025] cloud-init[1031]: |       . + =o. .o|
[   13.639392] cloud-init[1031]: |        S O.+    |
[   13.639850] cloud-init[1031]: |         *.E.o   |
[   13.640333] cloud-init[1031]: |        ..o=o    |
[   13.640814] cloud-init[1031]: |          o.+    |
[   13.641239] cloud-init[1031]: |           ...   |
[   13.641721] cloud-init[1031]: +----[SHA256]-----+
[   13.642212] cloud-init[1031]: Generating public/private ecdsa key pair.
[   13.642819] cloud-init[1031]: Your identification has been saved in /etc/ssh/ssh_host_ecdsa_key.
[   13.643542] cloud-init[1031]: Your public key has been saved in /etc/ssh/ssh_host_ecdsa_key.pub.
[   13.644230] cloud-init[1031]: The key fingerprint is:
[   13.644652] cloud-init[1031]: SHA256:uEcRjez0q584RGCBKasIpg2HYfgBf49S/wu7KnNBshw root@ubuntu-bionic
[   13.645379] cloud-init[1031]: The key's randomart image is:
[   13.645891] cloud-init[1031]: +---[ECDSA 256]---+
[   13.646315] cloud-init[1031]: |o.   o.o.o       |
[   13.646734] cloud-init[1031]: |ooo o o +..      |
[   13.647105] cloud-init[1031]: |.+.+o. +..       |
[   13.647483] cloud-init[1031]: |+.Eo.+ .o..      |
[   13.647883] cloud-init[1031]: |=*.=. +.S  .     |
[   13.648316] cloud-init[1031]: |+ +..  +. .      |
[   13.648681] cloud-init[1031]: |     .o.o.       |
[   13.649092] cloud-init[1031]: |  o .  +oo .     |
[   13.649480] cloud-init[1031]: |   +..o.ooo      |
[   13.649845] cloud-init[1031]: +----[SHA256]-----+
[   13.650247] cloud-init[1031]: Generating public/private ed25519 key pair.
[   13.650797] cloud-init[1031]: Your identification has been saved in /etc/ssh/ssh_host_ed25519_key.
[   13.651492] cloud-init[1031]: Your public key has been saved in /etc/ssh/ssh_host_ed25519_key.pub.
[   13.652184] cloud-init[1031]: The key fingerprint is:
[   13.652577] cloud-init[1031]: SHA256:llB5+st+8U+gX6jgf+WZNYheDMT6/pPNbP1jpwLlu1o root@ubuntu-bionic
[   13.653260] cloud-init[1031]: The key's randomart image is:
[   13.653683] cloud-init[1031]: +--[ED25519 256]--+
[   13.668187] cloud-init[1031]: |        ...      |
[   13.668646] cloud-init[1031]: |       .. .o     |
[   13.669208] cloud-init[1031]: |      .  oo      |
[   13.669818] cloud-init[1031]: |       ..o ..    |
[   13.670277] cloud-init[1031]: |        S..o+ o  |
[   13.670719] cloud-init[1031]: |       .  ooo= +o|
[   13.671122] cloud-init[1031]: |         .+oE+*oO|
[   13.671515] cloud-init[1031]: |         .o=+=o%+|
[   13.671966] cloud-init[1031]: |         .++==*o*|
[   13.672427] cloud-init[1031]: +----[SHA256]-----+
[[0;32m  OK  [0m] Started Initial cloud-init job (metadata service crawler).
[[0;32m  OK  [0m] Reached target System Initialization.
[[0;32m  OK  [0m] Listening on UUID daemon activation socket.
[[0;32m  OK  [0m] Listening on cloud-init hotplug hook socket.
[[0;32m  OK  [0m] Started ACPI Events Check.
[[0;32m  OK  [0m] Started Message of the Day.
[[0;32m  OK  [0m] Listening on ACPID Listen Socket.
[[0;32m  OK  [0m] Started Ubuntu Advantage Timer for running repeated jobs.
[[0;32m  OK  [0m] Reached target Paths.
[[0;32m  OK  [0m] Listening on Open-iSCSI iscsid Socket.
[[0;32m  OK  [0m] Started Discard unused blocks once a week.
[[0;32m  OK  [0m] Started Daily Cleanup of Temporary Directories.
[[0;32m  OK  [0m] Started Daily apt download activities.
         Starting Socket activation for snappy daemon.
[[0;32m  OK  [0m] Listening on D-Bus System Message Bus Socket.
[[0;32m  OK  [0m] Started Daily apt upgrade and clean activities.
[[0;32m  OK  [0m] Reached target Timers.
         Starting LXD - unix socket.
[[0;32m  OK  [0m] Reached target Network is Online.
         Starting Availability of block devices...
[[0;32m  OK  [0m] Reached target Remote File Systems (Pre).
[[0;32m  OK  [0m] Reached target Remote File Systems.
[[0;32m  OK  [0m] Reached target Cloud-config availability.
[[0;32m  OK  [0m] Listening on Socket activation for snappy daemon.
[[0;32m  OK  [0m] Listening on LXD - unix socket.
[[0;32m  OK  [0m] Started Availability of block devices.
[[0;32m  OK  [0m] Reached target Sockets.
[[0;32m  OK  [0m] Reached target Basic System.
         Starting Permit User Sessions...
[[0;32m  OK  [0m] Started FUSE filesystem for LXC.
         Starting Login Service...
         Starting Pollinate to seed the pseudo random number generator...
[[0;32m  OK  [0m] Started irqbalance daemon.
         Starting Virtualbox guest utils...
         Starting System Logging Service...
         Starting Accounts Service...
         Starting LSB: Record successful boot for GRUB...
         Starting LXD - container startup/shutdown...
         Starting LSB: automatic crash report generation...
[[0;32m  OK  [0m] Started D-Bus System Message Bus.
[[0;32m  OK  [0m] Started Login Service.
[[0;32m  OK  [0m] Started Unattended Upgrades Shutdown.
[[0;32m  OK  [0m] Started Deferred execution scheduler.
         Starting Dispatcher daemon for systemd-networkd...
[[0;32m  OK  [0m] Started Regular background program processing daemon.
         Starting Snap Daemon...
[[0;32m  OK  [0m] Started System Logging Service.
[[0;32m  OK  [0m] Started Permit User Sessions.
         Starting Hold until boot process finishes up...
         Starting Terminate Plymouth Boot Screen...
[[0;32m  OK  [0m] Started Hold until boot process finishes up.
[[0;32m  OK  [0m] Started Serial Getty on ttyS0.
         Starting Set console scheme...
[[0;32m  OK  [0m] Started Terminate Plymouth Boot Screen.
[[0;32m  OK  [0m] Started LSB: automatic crash report generation.
[[0;32m  OK  [0m] Started Set console scheme.
[[0;32m  OK  [0m] Created slice system-getty.slice.
[[0;32m  OK  [0m] Started Getty on tty1.
[[0;32m  OK  [0m] Reached target Login Prompts.
         Starting Authorization Manager...
[[0;32m  OK  [0m] Started LSB: Record successful boot for GRUB.
[[0;32m  OK  [0m] Started Authorization Manager.
[[0;32m  OK  [0m] Started Accounts Service.
[[0;32m  OK  [0m] Started LXD - container startup/shutdown.
[[0;32m  OK  [0m] Started Virtualbox guest utils.
[[0;32m  OK  [0m] Started Dispatcher daemon for systemd-networkd.
[[0;32m  OK  [0m] Started Snap Daemon.
         Starting Wait until snapd is fully seeded...
[[0;32m  OK  [0m] Started Pollinate to seed the pseudo random number generator.
         Starting OpenBSD Secure Shell server...
[[0;32m  OK  [0m] Started OpenBSD Secure Shell server.
         Starting Time & Date Service...
[[0;32m  OK  [0m] Started Time & Date Service.
[[0;32m  OK  [0m] Created slice User Slice of vagrant.
         Starting User Manager for UID 1000...
[[0;32m  OK  [0m] Started Session 1 of user vagrant.
[[0;32m  OK  [0m] Started User Manager for UID 1000.
[[0;32m  OK  [0m] Started Wait until snapd is fully seeded.
         Starting Apply the settings specified in cloud-config...
[   15.976886] cloud-init[1663]: Cloud-init v. 22.2-0ubuntu1~18.04.3 running 'modules:config' at Sun, 17 Jul 2022 16:28:57 +0000. Up 15.49 seconds.
[[0;32m  OK  [0m] Started Apply the settings specified in cloud-config.
[[0;32m  OK  [0m] Reached target Multi-User System.
[[0;32m  OK  [0m] Reached target Graphical Interface.
         Starting Update UTMP about System Runlevel Changes...
         Starting Execute cloud user/final scripts...
[[0;32m  OK  [0m] Started Update UTMP about System Runlevel Changes.
ci-info: no authorized SSH keys fingerprints found for user ubuntu.
<14>Jul 17 16:28:58 cloud-init: #############################################################
<14>Jul 17 16:28:58 cloud-init: -----BEGIN SSH HOST KEY FINGERPRINTS-----
<14>Jul 17 16:28:58 cloud-init: 1024 SHA256:DR5QPEjcNdFH8weT2Z/gsliO9hv5IEcxcGWY0Zqa1yY root@ubuntu-bionic (DSA)
<14>Jul 17 16:28:58 cloud-init: 256 SHA256:uEcRjez0q584RGCBKasIpg2HYfgBf49S/wu7KnNBshw root@ubuntu-bionic (ECDSA)
<14>Jul 17 16:28:58 cloud-init: 256 SHA256:llB5+st+8U+gX6jgf+WZNYheDMT6/pPNbP1jpwLlu1o root@ubuntu-bionic (ED25519)
<14>Jul 17 16:28:58 cloud-init: 2048 SHA256:WJTS9tbnI/FtkBP50MrIxY3CE6UOkBlLd8IFoRK2veA root@ubuntu-bionic (RSA)
<14>Jul 17 16:28:58 cloud-init: -----END SSH HOST KEY FINGERPRINTS-----
<14>Jul 17 16:28:58 cloud-init: #############################################################
-----BEGIN SSH HOST KEY KEYS-----
ecdsa-sha2-nistp256 AAAAE2VjZHNhLXNoYTItbmlzdHAyNTYAAAAIbmlzdHAyNTYAAABBBFb9nclmL/XAmR62H2gSHw46TDbIpxnjXTyMCKFPFw6uO0dqEARfENuh5KD3Hx9949noXNjBniqwYsquKeuWfMY= root@ubuntu-bionic
ssh-ed25519 AAAAC3NzaC1lZDI1NTE5AAAAIMaBnT7TbKMtImwpiYyWCM2RFCotrqNENsFCKL0rUuQt root@ubuntu-bionic
ssh-rsa AAAAB3NzaC1yc2EAAAADAQABAAABAQDI5UQIuyux5yNisJfqoNdWDLiljWC7gqxIzRafBWGk9cgHlrzk9oh7Vj0wt4+C6XRCNafR12c7bi0MdI27clvdLx498P3ruAMaNtnnDYzxI8wZST9V9n3MxcKW3Dg0Jo9jcAx8Nif7hOlT0KfXHYEPb2nE6l3sV7QqIkqlBZpyRNxa1pi01lyitFWpmDW6j+M63dYsGdZhPXrReiuiX+cnMDNxlLALhxh8+bRqX83SJLgofUcgjJARRghCurww8Y1jImQ1VpNfn1Vw+9WmF1Xf2duloX0OOaBkEGB37tweAivJrjuxReDf4ZwaqMI/K38IZztzGrSdi0M4yBxTDN3f root@ubuntu-bionic
-----END SSH HOST KEY KEYS-----
[   16.338871] cloud-init[1772]: Cloud-init v. 22.2-0ubuntu1~18.04.3 running 'modules:final' at Sun, 17 Jul 2022 16:28:58 +0000. Up 16.22 seconds.
[   16.340005] cloud-init[1772]: Cloud-init v. 22.2-0ubuntu1~18.04.3 finished at Sun, 17 Jul 2022 16:28:58 +0000. Datasource DataSourceNoCloud [seed=/dev/sdb][dsmode=net].  Up 16.33 seconds
[[0;32m  OK  [0m] Started Execute cloud user/final scripts.
[[0;32m  OK  [0m] Reached target Cloud-init target.

Ubuntu 18.04.6 LTS ubuntu-bionic ttyS0

ubuntu-bionic login: 